  admin.cpp
D:\source3\DataStructuresProject\Course.cpp(11,1): error C2653: 'Course': is not a class or namespace name
D:\source3\DataStructuresProject\Course.cpp(11,18): error C4430: missing type specifier - int assumed. Note: C++ does not support default-int
D:\source3\DataStructuresProject\Course.cpp(13,1): warning C4508: 'Course': function should return a value; 'void' return type assumed
D:\source3\DataStructuresProject\Course.cpp(15,1): error C2653: 'Course': is not a class or namespace name
D:\source3\DataStructuresProject\Course.cpp(15,119): error C4430: missing type specifier - int assumed. Note: C++ does not support default-int
D:\source3\DataStructuresProject\Course.cpp(16,5): error C2355: 'this': can only be referenced inside non-static member functions or non-static data member initializers
D:\source3\DataStructuresProject\Course.cpp(17,5): error C2355: 'this': can only be referenced inside non-static member functions or non-static data member initializers
D:\source3\DataStructuresProject\Course.cpp(18,5): error C2355: 'this': can only be referenced inside non-static member functions or non-static data member initializers
D:\source3\DataStructuresProject\Course.cpp(19,5): error C2355: 'this': can only be referenced inside non-static member functions or non-static data member initializers
D:\source3\DataStructuresProject\Course.cpp(20,5): error C2355: 'this': can only be referenced inside non-static member functions or non-static data member initializers
D:\source3\DataStructuresProject\Course.cpp(21,5): error C2355: 'this': can only be referenced inside non-static member functions or non-static data member initializers
D:\source3\DataStructuresProject\Course.cpp(22,1): warning C4508: 'Course': function should return a value; 'void' return type assumed
D:\source3\DataStructuresProject\Course.cpp(26,6): error C2653: 'Course': is not a class or namespace name
D:\source3\DataStructuresProject\Course.cpp(27,5): error C2065: 'prerequisites': undeclared identifier
D:\source3\DataStructuresProject\Course.cpp(32,6): error C2653: 'Course': is not a class or namespace name
D:\source3\DataStructuresProject\Course.cpp(33,37): error C2065: 'name': undeclared identifier
D:\source3\DataStructuresProject\Course.cpp(34,25): error C2065: 'prerequisites': undeclared identifier
D:\source3\DataStructuresProject\Course.cpp(35,25): error C2065: 'prerequisites': undeclared identifier
D:\source3\DataStructuresProject\Course.cpp(46,21): error C2061: syntax error: identifier 'Course'
D:\source3\DataStructuresProject\Course.cpp(52,27): error C2061: syntax error: identifier 'Course'
D:\source3\DataStructuresProject\Course.cpp(57,24): error C2061: syntax error: identifier 'Course'
D:\source3\DataStructuresProject\Course.cpp(47,24): error C2065: 'course': undeclared identifier
D:\source3\DataStructuresProject\Course.cpp(48,9): error C2653: 'GlobalDataa': is not a class or namespace name
D:\source3\DataStructuresProject\Course.cpp(48,22): error C2065: 'courses': undeclared identifier
D:\source3\DataStructuresProject\Course.cpp(48,30): error C2065: 'course': undeclared identifier
D:\source3\DataStructuresProject\Course.cpp(48,45): error C2065: 'course': undeclared identifier
D:\source3\DataStructuresProject\Course.cpp(53,24): error C2065: 'course': undeclared identifier
D:\source3\DataStructuresProject\Course.cpp(53,47): error C2065: 'prerequisite': undeclared identifier
D:\source3\DataStructuresProject\Course.cpp(54,9): error C2065: 'course': undeclared identifier
D:\source3\DataStructuresProject\Course.cpp(54,33): error C2065: 'prerequisite': undeclared identifier
D:\source3\DataStructuresProject\Course.cpp(58,30): error C2065: 'course': undeclared identifier
D:\source3\DataStructuresProject\Course.cpp(59,9): error C2653: 'GlobalDataa': is not a class or namespace name
D:\source3\DataStructuresProject\Course.cpp(59,22): error C2065: 'courses': undeclared identifier
D:\source3\DataStructuresProject\Course.cpp(59,36): error C2065: 'course': undeclared identifier
D:\source3\DataStructuresProject\Course.cpp(62,84): error C2065: 'course': undeclared identifier
D:\source3\DataStructuresProject\Course.cpp(62,1): error C2660: 'remove': function does not take 2 arguments
C:\Program Files (x86)\Windows Kits\10\Include\10.0.19041.0\ucrt\stdio.h(369,26): message : see declaration of 'remove'
D:\source3\DataStructuresProject\Course.cpp(11,1): error C2653: 'Course': is not a class or namespace name
D:\source3\DataStructuresProject\Course.cpp(11,18): error C4430: missing type specifier - int assumed. Note: C++ does not support default-int
D:\source3\DataStructuresProject\Course.cpp(11,9): error C2084: function 'int Course(void)' already has a body
D:\source3\DataStructuresProject\Course.cpp(11): message : see previous definition of 'Course'
D:\source3\DataStructuresProject\Course.cpp(15,1): error C2653: 'Course': is not a class or namespace name
D:\source3\DataStructuresProject\Course.cpp(15,119): error C4430: missing type specifier - int assumed. Note: C++ does not support default-int
D:\source3\DataStructuresProject\Course.cpp(15,9): error C2084: function 'int Course(std::string,int,bool,int,double,std::string)' already has a body
D:\source3\DataStructuresProject\Course.cpp(15): message : see previous definition of 'Course'
D:\source3\DataStructuresProject\Course.cpp(16,5): error C2355: 'this': can only be referenced inside non-static member functions or non-static data member initializers
D:\source3\DataStructuresProject\Course.cpp(17,5): error C2355: 'this': can only be referenced inside non-static member functions or non-static data member initializers
D:\source3\DataStructuresProject\Course.cpp(18,5): error C2355: 'this': can only be referenced inside non-static member functions or non-static data member initializers
D:\source3\DataStructuresProject\Course.cpp(19,5): error C2355: 'this': can only be referenced inside non-static member functions or non-static data member initializers
D:\source3\DataStructuresProject\Course.cpp(20,5): error C2355: 'this': can only be referenced inside non-static member functions or non-static data member initializers
D:\source3\DataStructuresProject\Course.cpp(21,5): error C2355: 'this': can only be referenced inside non-static member functions or non-static data member initializers
D:\source3\DataStructuresProject\Course.cpp(26,6): error C2653: 'Course': is not a class or namespace name
D:\source3\DataStructuresProject\Course.cpp(26,14): error C2084: function 'void add_prerequisite(std::string)' already has a body
D:\source3\DataStructuresProject\Course.cpp(26): message : see previous definition of 'add_prerequisite'
D:\source3\DataStructuresProject\Course.cpp(27,5): error C2065: 'prerequisites': undeclared identifier
D:\source3\DataStructuresProject\Course.cpp(32,6): error C2653: 'Course': is not a class or namespace name
D:\source3\DataStructuresProject\Course.cpp(32,14): error C2084: function 'void print_prerequisites(void)' already has a body
D:\source3\DataStructuresProject\Course.cpp(32): message : see previous definition of 'print_prerequisites'
D:\source3\DataStructuresProject\Course.cpp(33,37): error C2065: 'name': undeclared identifier
D:\source3\DataStructuresProject\Course.cpp(34,25): error C2065: 'prerequisites': undeclared identifier
D:\source3\DataStructuresProject\Course.cpp(35,25): error C2065: 'prerequisites': undeclared identifier
D:\source3\DataStructuresProject\Course.cpp(40,13): error C2011: 'Graph': 'class' type redefinition
D:\source3\DataStructuresProject\Course.cpp(40): message : see declaration of 'Graph'
D:\source3\DataStructuresProject\Student.cpp(10,1): error C2653: 'Student': is not a class or namespace name
D:\source3\DataStructuresProject\Student.cpp(10,20): error C4430: missing type specifier - int assumed. Note: C++ does not support default-int
D:\source3\DataStructuresProject\Student.cpp(11,5): error C2065: 'studCount': undeclared identifier
D:\source3\DataStructuresProject\Student.cpp(12,1): warning C4508: 'Student': function should return a value; 'void' return type assumed
D:\source3\DataStructuresProject\Student.cpp(14,1): error C2653: 'Student': is not a class or namespace name
D:\source3\DataStructuresProject\Student.cpp(14,212): error C4430: missing type specifier - int assumed. Note: C++ does not support default-int
D:\source3\DataStructuresProject\Student.cpp(16,5): error C2355: 'this': can only be referenced inside non-static member functions or non-static data member initializers
D:\source3\DataStructuresProject\Student.cpp(17,5): error C2355: 'this': can only be referenced inside non-static member functions or non-static data member initializers
D:\source3\DataStructuresProject\Student.cpp(18,5): error C2355: 'this': can only be referenced inside non-static member functions or non-static data member initializers
D:\source3\DataStructuresProject\Student.cpp(19,5): error C2355: 'this': can only be referenced inside non-static member functions or non-static data member initializers
D:\source3\DataStructuresProject\Student.cpp(20,5): error C2355: 'this': can only be referenced inside non-static member functions or non-static data member initializers
D:\source3\DataStructuresProject\Student.cpp(21,5): error C2355: 'this': can only be referenced inside non-static member functions or non-static data member initializers
D:\source3\DataStructuresProject\Student.cpp(22,5): error C2355: 'this': can only be referenced inside non-static member functions or non-static data member initializers
D:\source3\DataStructuresProject\Student.cpp(23,5): error C2355: 'this': can only be referenced inside non-static member functions or non-static data member initializers
D:\source3\DataStructuresProject\Student.cpp(24,5): error C2355: 'this': can only be referenced inside non-static member functions or non-static data member initializers
D:\source3\DataStructuresProject\Student.cpp(25,5): error C2065: 'studCount': undeclared identifier
D:\source3\DataStructuresProject\Student.cpp(27,1): warning C4508: 'Student': function should return a value; 'void' return type assumed
D:\source3\DataStructuresProject\Student.cpp(31,6): error C2653: 'Student': is not a class or namespace name
D:\source3\DataStructuresProject\Student.cpp(32,21): error C2355: 'this': can only be referenced inside non-static member functions or non-static data member initializers
D:\source3\DataStructuresProject\Student.cpp(32,51): error C2355: 'this': can only be referenced inside non-static member functions or non-static data member initializers
D:\source3\DataStructuresProject\Student.cpp(33,50): error C2355: 'this': can only be referenced inside non-static member functions or non-static data member initializers
D:\source3\DataStructuresProject\Student.cpp(44,6): error C2653: 'Student': is not a class or namespace name
D:\source3\DataStructuresProject\Student.cpp(44,15): error C2182: 'View_List_of_all_available_courses': illegal use of type 'void'
D:\source3\DataStructuresProject\Student.cpp(44,58): error C2146: syntax error: missing ')' before identifier 's'
D:\source3\DataStructuresProject\Student.cpp(45,1): error C2143: syntax error: missing ';' before '{'
D:\source3\DataStructuresProject\Student.cpp(45,1): error C2447: '{': missing function header (old-style formal list?)
D:\source3\DataStructuresProject\Student.cpp(75,6): error C2653: 'Student': is not a class or namespace name
D:\source3\DataStructuresProject\Student.cpp(75,15): error C2182: 'filter_courses': illegal use of type 'void'
D:\source3\DataStructuresProject\Student.cpp(75,38): error C2146: syntax error: missing ')' before identifier 's'
D:\source3\DataStructuresProject\Student.cpp(75,41): error C2143: syntax error: missing ';' before '{'
D:\source3\DataStructuresProject\Student.cpp(75,41): error C2447: '{': missing function header (old-style formal list?)
D:\source3\DataStructuresProject\Student.cpp(98,6): error C2653: 'Student': is not a class or namespace name
D:\source3\DataStructuresProject\Student.cpp(98,15): error C2182: 'viewDetailsOfSpecificCourse': illegal use of type 'void'
D:\source3\DataStructuresProject\Student.cpp(98,50): error C2146: syntax error: missing ')' before identifier 'c'
D:\source3\DataStructuresProject\Student.cpp(98,53): error C2143: syntax error: missing ';' before '{'
D:\source3\DataStructuresProject\Student.cpp(98,53): error C2447: '{': missing function header (old-style formal list?)
D:\source3\DataStructuresProject\Student.cpp(110,6): error C2653: 'Student': is not a class or namespace name
D:\source3\DataStructuresProject\Student.cpp(110,15): error C2182: 'edit_data': illegal use of type 'void'
D:\source3\DataStructuresProject\Student.cpp(110,33): error C2146: syntax error: missing ')' before identifier 's'
D:\source3\DataStructuresProject\Student.cpp(110,36): error C2143: syntax error: missing ';' before '{'
D:\source3\DataStructuresProject\Student.cpp(110,36): error C2447: '{': missing function header (old-style formal list?)
D:\source3\DataStructuresProject\Student.cpp(127,6): error C2653: 'Student': is not a class or namespace name
D:\source3\DataStructuresProject\Student.cpp(127,15): error C2182: 'viewAllCourses': illegal use of type 'void'
D:\source3\DataStructuresProject\Student.cpp(127,38): error C2146: syntax error: missing ')' before identifier 's'
D:\source3\DataStructuresProject\Student.cpp(128,1): error C2143: syntax error: missing ';' before '{'
D:\source3\DataStructuresProject\Student.cpp(128,1): error C2447: '{': missing function header (old-style formal list?)
D:\source3\DataStructuresProject\Student.cpp(142,6): error C2653: 'Student': is not a class or namespace name
D:\source3\DataStructuresProject\Student.cpp(142,15): error C2182: 'registerCourse': illegal use of type 'void'
D:\source3\DataStructuresProject\Student.cpp(142,38): error C2146: syntax error: missing ')' before identifier 's'
D:\source3\DataStructuresProject\Student.cpp(143,1): error C2143: syntax error: missing ';' before '{'
D:\source3\DataStructuresProject\Student.cpp(143,1): error C2447: '{': missing function header (old-style formal list?)
D:\source3\DataStructuresProject\GlobalDataa.h(14,9): error C2923: 'std::unordered_map': 'Course' is not a valid template type argument for parameter '_Ty'
D:\source3\DataStructuresProject\GlobalDataa.h(14,9): error C2976: 'std::unordered_map': too few template arguments
C:\Program Files\Microsoft Visual Studio\2022\Community\VC\Tools\MSVC\14.31.31103\include\unordered_map(67): message : see declaration of 'std::unordered_map'
D:\source3\DataStructuresProject\GlobalDataa.h(15,9): error C2923: 'std::unordered_map': 'Student' is not a valid template type argument for parameter '_Ty'
D:\source3\DataStructuresProject\GlobalDataa.h(15,35): fatal error C1003: error count exceeds 100; stopping compilation
  Course.cpp
D:\source3\DataStructuresProject\Student.h(28,38): error C2061: syntax error: identifier 'Course'
D:\source3\DataStructuresProject\Student.h(31,36): error C2061: syntax error: identifier 'Course'
D:\source3\DataStructuresProject\admin.h(17,25): error C2061: syntax error: identifier 'Course'
D:\source3\DataStructuresProject\admin.h(18,36): error C2061: syntax error: identifier 'Course'
D:\source3\DataStructuresProject\admin.h(20,25): error C2061: syntax error: identifier 'Course'
D:\source3\DataStructuresProject\admin.h(22,57): error C2061: syntax error: identifier 'Course'
D:\source3\DataStructuresProject\Course.cpp(11,1): error C2653: 'Course': is not a class or namespace name
D:\source3\DataStructuresProject\Course.cpp(11,18): error C4430: missing type specifier - int assumed. Note: C++ does not support default-int
D:\source3\DataStructuresProject\Course.cpp(13,1): warning C4508: 'Course': function should return a value; 'void' return type assumed
D:\source3\DataStructuresProject\Course.cpp(15,1): error C2653: 'Course': is not a class or namespace name
D:\source3\DataStructuresProject\Course.cpp(15,119): error C4430: missing type specifier - int assumed. Note: C++ does not support default-int
D:\source3\DataStructuresProject\Course.cpp(16,5): error C2355: 'this': can only be referenced inside non-static member functions or non-static data member initializers
D:\source3\DataStructuresProject\Course.cpp(17,5): error C2355: 'this': can only be referenced inside non-static member functions or non-static data member initializers
D:\source3\DataStructuresProject\Course.cpp(18,5): error C2355: 'this': can only be referenced inside non-static member functions or non-static data member initializers
D:\source3\DataStructuresProject\Course.cpp(19,5): error C2355: 'this': can only be referenced inside non-static member functions or non-static data member initializers
D:\source3\DataStructuresProject\Course.cpp(20,5): error C2355: 'this': can only be referenced inside non-static member functions or non-static data member initializers
D:\source3\DataStructuresProject\Course.cpp(21,5): error C2355: 'this': can only be referenced inside non-static member functions or non-static data member initializers
D:\source3\DataStructuresProject\Course.cpp(22,1): warning C4508: 'Course': function should return a value; 'void' return type assumed
D:\source3\DataStructuresProject\Course.cpp(26,6): error C2653: 'Course': is not a class or namespace name
D:\source3\DataStructuresProject\Course.cpp(27,5): error C2065: 'prerequisites': undeclared identifier
D:\source3\DataStructuresProject\Course.cpp(32,6): error C2653: 'Course': is not a class or namespace name
D:\source3\DataStructuresProject\Course.cpp(33,37): error C2065: 'name': undeclared identifier
D:\source3\DataStructuresProject\Course.cpp(34,25): error C2065: 'prerequisites': undeclared identifier
D:\source3\DataStructuresProject\Course.cpp(35,25): error C2065: 'prerequisites': undeclared identifier
D:\source3\DataStructuresProject\Course.cpp(46,21): error C2061: syntax error: identifier 'Course'
D:\source3\DataStructuresProject\Course.cpp(52,27): error C2061: syntax error: identifier 'Course'
D:\source3\DataStructuresProject\Course.cpp(57,24): error C2061: syntax error: identifier 'Course'
D:\source3\DataStructuresProject\Course.cpp(47,24): error C2065: 'course': undeclared identifier
D:\source3\DataStructuresProject\Course.cpp(48,9): error C2653: 'GlobalDataa': is not a class or namespace name
D:\source3\DataStructuresProject\Course.cpp(48,22): error C2065: 'courses': undeclared identifier
D:\source3\DataStructuresProject\Course.cpp(48,30): error C2065: 'course': undeclared identifier
D:\source3\DataStructuresProject\Course.cpp(48,45): error C2065: 'course': undeclared identifier
D:\source3\DataStructuresProject\Course.cpp(53,24): error C2065: 'course': undeclared identifier
D:\source3\DataStructuresProject\Course.cpp(53,47): error C2065: 'prerequisite': undeclared identifier
D:\source3\DataStructuresProject\Course.cpp(54,9): error C2065: 'course': undeclared identifier
D:\source3\DataStructuresProject\Course.cpp(54,33): error C2065: 'prerequisite': undeclared identifier
D:\source3\DataStructuresProject\Course.cpp(58,30): error C2065: 'course': undeclared identifier
D:\source3\DataStructuresProject\Course.cpp(59,9): error C2653: 'GlobalDataa': is not a class or namespace name
D:\source3\DataStructuresProject\Course.cpp(59,22): error C2065: 'courses': undeclared identifier
D:\source3\DataStructuresProject\Course.cpp(59,36): error C2065: 'course': undeclared identifier
D:\source3\DataStructuresProject\Course.cpp(62,84): error C2065: 'course': undeclared identifier
D:\source3\DataStructuresProject\Course.cpp(62,1): error C2660: 'remove': function does not take 2 arguments
C:\Program Files (x86)\Windows Kits\10\Include\10.0.19041.0\ucrt\stdio.h(369,26): message : see declaration of 'remove'
D:\source3\DataStructuresProject\Course.cpp(11,1): error C2653: 'Course': is not a class or namespace name
D:\source3\DataStructuresProject\Course.cpp(11,18): error C4430: missing type specifier - int assumed. Note: C++ does not support default-int
D:\source3\DataStructuresProject\Course.cpp(11,9): error C2084: function 'int Course(void)' already has a body
D:\source3\DataStructuresProject\Course.cpp(11): message : see previous definition of 'Course'
D:\source3\DataStructuresProject\Course.cpp(15,1): error C2653: 'Course': is not a class or namespace name
D:\source3\DataStructuresProject\Course.cpp(15,119): error C4430: missing type specifier - int assumed. Note: C++ does not support default-int
D:\source3\DataStructuresProject\Course.cpp(15,9): error C2084: function 'int Course(std::string,int,bool,int,double,std::string)' already has a body
D:\source3\DataStructuresProject\Course.cpp(15): message : see previous definition of 'Course'
D:\source3\DataStructuresProject\Course.cpp(16,5): error C2355: 'this': can only be referenced inside non-static member functions or non-static data member initializers
D:\source3\DataStructuresProject\Course.cpp(17,5): error C2355: 'this': can only be referenced inside non-static member functions or non-static data member initializers
D:\source3\DataStructuresProject\Course.cpp(18,5): error C2355: 'this': can only be referenced inside non-static member functions or non-static data member initializers
D:\source3\DataStructuresProject\Course.cpp(19,5): error C2355: 'this': can only be referenced inside non-static member functions or non-static data member initializers
D:\source3\DataStructuresProject\Course.cpp(20,5): error C2355: 'this': can only be referenced inside non-static member functions or non-static data member initializers
D:\source3\DataStructuresProject\Course.cpp(21,5): error C2355: 'this': can only be referenced inside non-static member functions or non-static data member initializers
D:\source3\DataStructuresProject\Course.cpp(26,6): error C2653: 'Course': is not a class or namespace name
D:\source3\DataStructuresProject\Course.cpp(26,14): error C2084: function 'void add_prerequisite(std::string)' already has a body
D:\source3\DataStructuresProject\Course.cpp(26): message : see previous definition of 'add_prerequisite'
D:\source3\DataStructuresProject\Course.cpp(27,5): error C2065: 'prerequisites': undeclared identifier
D:\source3\DataStructuresProject\Course.cpp(32,6): error C2653: 'Course': is not a class or namespace name
D:\source3\DataStructuresProject\Course.cpp(32,14): error C2084: function 'void print_prerequisites(void)' already has a body
D:\source3\DataStructuresProject\Course.cpp(32): message : see previous definition of 'print_prerequisites'
D:\source3\DataStructuresProject\Course.cpp(33,37): error C2065: 'name': undeclared identifier
D:\source3\DataStructuresProject\Course.cpp(34,25): error C2065: 'prerequisites': undeclared identifier
D:\source3\DataStructuresProject\Course.cpp(35,25): error C2065: 'prerequisites': undeclared identifier
D:\source3\DataStructuresProject\Course.cpp(40,13): error C2011: 'Graph': 'class' type redefinition
D:\source3\DataStructuresProject\Course.cpp(40): message : see declaration of 'Graph'
D:\source3\DataStructuresProject\Student.cpp(46,11): error C2079: 'g' uses undefined class 'Graph'
D:\source3\DataStructuresProject\Student.cpp(47,49): error C3536: 'it': cannot be used before it is initialized
D:\source3\DataStructuresProject\Student.cpp(98,50): error C2761: 'void Student::viewDetailsOfSpecificCourse(void)': redeclaration of member is not allowed
D:\source3\DataStructuresProject\Student.cpp(98,50): error C2146: syntax error: missing ')' before identifier 'c'
D:\source3\DataStructuresProject\Student.cpp(98,53): error C2143: syntax error: missing ';' before '{'
D:\source3\DataStructuresProject\Student.cpp(98,53): error C2447: '{': missing function header (old-style formal list?)
D:\source3\DataStructuresProject\Student.cpp(119,20): warning C4834: discarding return value of function with 'nodiscard' attribute
D:\source3\DataStructuresProject\Student.cpp(142,41): error C2061: syntax error: identifier 'Course'
D:\source3\DataStructuresProject\Student.cpp(146,18): error C2065: 'c': undeclared identifier
D:\source3\DataStructuresProject\Student.cpp(157,17): error C2065: 'c': undeclared identifier
D:\source3\DataStructuresProject\Student.cpp(159,45): error C2065: 'c': undeclared identifier
D:\source3\DataStructuresProject\GlobalDataa.h(14,9): error C2923: 'std::unordered_map': 'Course' is not a valid template type argument for parameter '_Ty'
D:\source3\DataStructuresProject\GlobalDataa.h(14,9): error C2976: 'std::unordered_map': too few template arguments
C:\Program Files\Microsoft Visual Studio\2022\Community\VC\Tools\MSVC\14.31.31103\include\unordered_map(67): message : see declaration of 'std::unordered_map'
D:\source3\DataStructuresProject\Course.cpp(11,1): error C2653: 'Course': is not a class or namespace name
D:\source3\DataStructuresProject\Course.cpp(11,18): error C4430: missing type specifier - int assumed. Note: C++ does not support default-int
D:\source3\DataStructuresProject\Course.cpp(15,1): error C2653: 'Course': is not a class or namespace name
D:\source3\DataStructuresProject\Course.cpp(15,119): error C4430: missing type specifier - int assumed. Note: C++ does not support default-int
D:\source3\DataStructuresProject\Course.cpp(16,5): error C2355: 'this': can only be referenced inside non-static member functions or non-static data member initializers
D:\source3\DataStructuresProject\Course.cpp(17,5): error C2355: 'this': can only be referenced inside non-static member functions or non-static data member initializers
D:\source3\DataStructuresProject\Course.cpp(18,5): error C2355: 'this': can only be referenced inside non-static member functions or non-static data member initializers
D:\source3\DataStructuresProject\Course.cpp(19,5): error C2355: 'this': can only be referenced inside non-static member functions or non-static data member initializers
D:\source3\DataStructuresProject\Course.cpp(20,5): error C2355: 'this': can only be referenced inside non-static member functions or non-static data member initializers
D:\source3\DataStructuresProject\Course.cpp(21,5): error C2355: 'this': can only be referenced inside non-static member functions or non-static data member initializers
D:\source3\DataStructuresProject\Course.cpp(26,6): error C2653: 'Course': is not a class or namespace name
D:\source3\DataStructuresProject\Course.cpp(27,5): error C2065: 'prerequisites': undeclared identifier
D:\source3\DataStructuresProject\Course.cpp(32,6): error C2653: 'Course': is not a class or namespace name
D:\source3\DataStructuresProject\Course.cpp(33,37): error C2065: 'name': undeclared identifier
D:\source3\DataStructuresProject\Course.cpp(34,25): error C2065: 'prerequisites': undeclared identifier
D:\source3\DataStructuresProject\Course.cpp(35,25): error C2065: 'prerequisites': undeclared identifier
D:\source3\DataStructuresProject\Course.cpp(11,1): error C2653: 'Course': is not a class or namespace name
D:\source3\DataStructuresProject\Course.cpp(11,18): error C4430: missing type specifier - int assumed. Note: C++ does not support default-int
D:\source3\DataStructuresProject\Course.cpp(15,1): error C2653: 'Course': is not a class or namespace name
D:\source3\DataStructuresProject\Course.cpp(15,119): error C4430: missing type specifier - int assumed. Note: C++ does not support default-int
D:\source3\DataStructuresProject\Course.cpp(16,5): error C2355: 'this': can only be referenced inside non-static member functions or non-static data member initializers
D:\source3\DataStructuresProject\Course.cpp(17,5): error C2355: 'this': can only be referenced inside non-static member functions or non-static data member initializers
D:\source3\DataStructuresProject\Course.cpp(18,5): error C2355: 'this': can only be referenced inside non-static member functions or non-static data member initializers
D:\source3\DataStructuresProject\Course.cpp(19,5): error C2355: 'this': can only be referenced inside non-static member functions or non-static data member initializers
D:\source3\DataStructuresProject\Course.cpp(20,5): error C2355: 'this': can only be referenced inside non-static member functions or non-static data member initializers
D:\source3\DataStructuresProject\Course.cpp(21,5): error C2355: 'this': can only be referenced inside non-static member functions or non-static data member initializers
D:\source3\DataStructuresProject\Course.cpp(26,6): error C2653: 'Course': is not a class or namespace name
D:\source3\DataStructuresProject\Course.cpp(27,5): error C2065: 'prerequisites': undeclared identifier
D:\source3\DataStructuresProject\Course.cpp(32,6): error C2653: 'Course': is not a class or namespace name
D:\source3\DataStructuresProject\Course.cpp(33,37): error C2065: 'name': undeclared identifier
D:\source3\DataStructuresProject\Course.cpp(34,25): error C2065: 'prerequisites': undeclared identifier
D:\source3\DataStructuresProject\Course.cpp(35,25): error C2065: 'prerequisites': undeclared identifier
D:\source3\DataStructuresProject\Student.cpp(10,20): error C2084: function 'Student::Student(void)' already has a body
D:\source3\DataStructuresProject\Student.cpp(10): message : see previous definition of '{ctor}'
D:\source3\DataStructuresProject\Student.cpp(14,212): error C2084: function 'Student::Student(std::string,int,std::string,int,std::set<std::string,std::less<std::string>,std::allocator<std::string>>,std::set<double,std::less<double>,std::allocator<double>>,std::set<std::string,std::less<std::string>,std::allocator<std::string>>,std::string,float)' already has a body
D:\source3\DataStructuresProject\Student.cpp(14): message : see previous definition of '{ctor}'
D:\source3\DataStructuresProject\Student.cpp(31,58): error C2084: function 'bool Student::login(int,std::string)' already has a body
D:\source3\DataStructuresProject\Student.cpp(31): message : see previous definition of 'login'
D:\source3\DataStructuresProject\Student.cpp(45,1): error C2084: function 'void Student::View_List_of_all_available_courses(Student)' already has a body
D:\source3\DataStructuresProject\Student.cpp(44): message : see previous definition of 'View_List_of_all_available_courses'
D:\source3\DataStructuresProject\Student.cpp(45,1): fatal error C1003: error count exceeds 100; stopping compilation
  files_mg.cpp
D:\source3\DataStructuresProject\admin.h(17,25): error C2061: syntax error: identifier 'Course'
D:\source3\DataStructuresProject\admin.h(18,36): error C2061: syntax error: identifier 'Course'
D:\source3\DataStructuresProject\admin.h(19,25): error C2061: syntax error: identifier 'Student'
D:\source3\DataStructuresProject\admin.h(20,25): error C2061: syntax error: identifier 'Course'
D:\source3\DataStructuresProject\admin.h(21,32): error C2061: syntax error: identifier 'Student'
D:\source3\DataStructuresProject\admin.h(22,57): error C2061: syntax error: identifier 'Course'
D:\source3\DataStructuresProject\Course.cpp(11,1): error C2653: 'Course': is not a class or namespace name
D:\source3\DataStructuresProject\Course.cpp(11,18): error C4430: missing type specifier - int assumed. Note: C++ does not support default-int
D:\source3\DataStructuresProject\Course.cpp(13,1): warning C4508: 'Course': function should return a value; 'void' return type assumed
D:\source3\DataStructuresProject\Course.cpp(15,1): error C2653: 'Course': is not a class or namespace name
D:\source3\DataStructuresProject\Course.cpp(15,119): error C4430: missing type specifier - int assumed. Note: C++ does not support default-int
D:\source3\DataStructuresProject\Course.cpp(16,5): error C2355: 'this': can only be referenced inside non-static member functions or non-static data member initializers
D:\source3\DataStructuresProject\Course.cpp(17,5): error C2355: 'this': can only be referenced inside non-static member functions or non-static data member initializers
D:\source3\DataStructuresProject\Course.cpp(18,5): error C2355: 'this': can only be referenced inside non-static member functions or non-static data member initializers
D:\source3\DataStructuresProject\Course.cpp(19,5): error C2355: 'this': can only be referenced inside non-static member functions or non-static data member initializers
D:\source3\DataStructuresProject\Course.cpp(20,5): error C2355: 'this': can only be referenced inside non-static member functions or non-static data member initializers
D:\source3\DataStructuresProject\Course.cpp(21,5): error C2355: 'this': can only be referenced inside non-static member functions or non-static data member initializers
D:\source3\DataStructuresProject\Course.cpp(22,1): warning C4508: 'Course': function should return a value; 'void' return type assumed
D:\source3\DataStructuresProject\Course.cpp(26,6): error C2653: 'Course': is not a class or namespace name
D:\source3\DataStructuresProject\Course.cpp(27,5): error C2065: 'prerequisites': undeclared identifier
D:\source3\DataStructuresProject\Course.cpp(32,6): error C2653: 'Course': is not a class or namespace name
D:\source3\DataStructuresProject\Course.cpp(33,37): error C2065: 'name': undeclared identifier
D:\source3\DataStructuresProject\Course.cpp(34,25): error C2065: 'prerequisites': undeclared identifier
D:\source3\DataStructuresProject\Course.cpp(35,25): error C2065: 'prerequisites': undeclared identifier
D:\source3\DataStructuresProject\Course.cpp(46,21): error C2061: syntax error: identifier 'Course'
D:\source3\DataStructuresProject\Course.cpp(52,27): error C2061: syntax error: identifier 'Course'
D:\source3\DataStructuresProject\Course.cpp(57,24): error C2061: syntax error: identifier 'Course'
D:\source3\DataStructuresProject\Course.cpp(47,24): error C2065: 'course': undeclared identifier
D:\source3\DataStructuresProject\Course.cpp(48,9): error C2653: 'GlobalDataa': is not a class or namespace name
D:\source3\DataStructuresProject\Course.cpp(48,22): error C2065: 'courses': undeclared identifier
D:\source3\DataStructuresProject\Course.cpp(48,30): error C2065: 'course': undeclared identifier
D:\source3\DataStructuresProject\Course.cpp(48,45): error C2065: 'course': undeclared identifier
D:\source3\DataStructuresProject\Course.cpp(53,24): error C2065: 'course': undeclared identifier
D:\source3\DataStructuresProject\Course.cpp(53,47): error C2065: 'prerequisite': undeclared identifier
D:\source3\DataStructuresProject\Course.cpp(54,9): error C2065: 'course': undeclared identifier
D:\source3\DataStructuresProject\Course.cpp(54,33): error C2065: 'prerequisite': undeclared identifier
D:\source3\DataStructuresProject\Course.cpp(58,30): error C2065: 'course': undeclared identifier
D:\source3\DataStructuresProject\Course.cpp(59,9): error C2653: 'GlobalDataa': is not a class or namespace name
D:\source3\DataStructuresProject\Course.cpp(59,22): error C2065: 'courses': undeclared identifier
D:\source3\DataStructuresProject\Course.cpp(59,36): error C2065: 'course': undeclared identifier
D:\source3\DataStructuresProject\Course.cpp(62,84): error C2065: 'course': undeclared identifier
D:\source3\DataStructuresProject\Course.cpp(62,1): error C2660: 'remove': function does not take 2 arguments
C:\Program Files (x86)\Windows Kits\10\Include\10.0.19041.0\ucrt\stdio.h(369,26): message : see declaration of 'remove'
D:\source3\DataStructuresProject\Course.cpp(11,1): error C2653: 'Course': is not a class or namespace name
D:\source3\DataStructuresProject\Course.cpp(11,18): error C4430: missing type specifier - int assumed. Note: C++ does not support default-int
D:\source3\DataStructuresProject\Course.cpp(11,9): error C2084: function 'int Course(void)' already has a body
D:\source3\DataStructuresProject\Course.cpp(11): message : see previous definition of 'Course'
D:\source3\DataStructuresProject\Course.cpp(15,1): error C2653: 'Course': is not a class or namespace name
D:\source3\DataStructuresProject\Course.cpp(15,119): error C4430: missing type specifier - int assumed. Note: C++ does not support default-int
D:\source3\DataStructuresProject\Course.cpp(15,9): error C2084: function 'int Course(std::string,int,bool,int,double,std::string)' already has a body
D:\source3\DataStructuresProject\Course.cpp(15): message : see previous definition of 'Course'
D:\source3\DataStructuresProject\Course.cpp(16,5): error C2355: 'this': can only be referenced inside non-static member functions or non-static data member initializers
D:\source3\DataStructuresProject\Course.cpp(17,5): error C2355: 'this': can only be referenced inside non-static member functions or non-static data member initializers
D:\source3\DataStructuresProject\Course.cpp(18,5): error C2355: 'this': can only be referenced inside non-static member functions or non-static data member initializers
D:\source3\DataStructuresProject\Course.cpp(19,5): error C2355: 'this': can only be referenced inside non-static member functions or non-static data member initializers
D:\source3\DataStructuresProject\Course.cpp(20,5): error C2355: 'this': can only be referenced inside non-static member functions or non-static data member initializers
D:\source3\DataStructuresProject\Course.cpp(21,5): error C2355: 'this': can only be referenced inside non-static member functions or non-static data member initializers
D:\source3\DataStructuresProject\Course.cpp(26,6): error C2653: 'Course': is not a class or namespace name
D:\source3\DataStructuresProject\Course.cpp(26,14): error C2084: function 'void add_prerequisite(std::string)' already has a body
D:\source3\DataStructuresProject\Course.cpp(26): message : see previous definition of 'add_prerequisite'
D:\source3\DataStructuresProject\Course.cpp(27,5): error C2065: 'prerequisites': undeclared identifier
D:\source3\DataStructuresProject\Course.cpp(32,6): error C2653: 'Course': is not a class or namespace name
D:\source3\DataStructuresProject\Course.cpp(32,14): error C2084: function 'void print_prerequisites(void)' already has a body
D:\source3\DataStructuresProject\Course.cpp(32): message : see previous definition of 'print_prerequisites'
D:\source3\DataStructuresProject\Course.cpp(33,37): error C2065: 'name': undeclared identifier
D:\source3\DataStructuresProject\Course.cpp(34,25): error C2065: 'prerequisites': undeclared identifier
D:\source3\DataStructuresProject\Course.cpp(35,25): error C2065: 'prerequisites': undeclared identifier
D:\source3\DataStructuresProject\Course.cpp(40,13): error C2011: 'Graph': 'class' type redefinition
D:\source3\DataStructuresProject\Course.cpp(40): message : see declaration of 'Graph'
D:\source3\DataStructuresProject\Student.cpp(10,1): error C2653: 'Student': is not a class or namespace name
D:\source3\DataStructuresProject\Student.cpp(10,20): error C4430: missing type specifier - int assumed. Note: C++ does not support default-int
D:\source3\DataStructuresProject\Student.cpp(11,5): error C2065: 'studCount': undeclared identifier
D:\source3\DataStructuresProject\Student.cpp(12,1): warning C4508: 'Student': function should return a value; 'void' return type assumed
D:\source3\DataStructuresProject\Student.cpp(14,1): error C2653: 'Student': is not a class or namespace name
D:\source3\DataStructuresProject\Student.cpp(14,212): error C4430: missing type specifier - int assumed. Note: C++ does not support default-int
D:\source3\DataStructuresProject\Student.cpp(16,5): error C2355: 'this': can only be referenced inside non-static member functions or non-static data member initializers
D:\source3\DataStructuresProject\Student.cpp(17,5): error C2355: 'this': can only be referenced inside non-static member functions or non-static data member initializers
D:\source3\DataStructuresProject\Student.cpp(18,5): error C2355: 'this': can only be referenced inside non-static member functions or non-static data member initializers
D:\source3\DataStructuresProject\Student.cpp(19,5): error C2355: 'this': can only be referenced inside non-static member functions or non-static data member initializers
D:\source3\DataStructuresProject\Student.cpp(20,5): error C2355: 'this': can only be referenced inside non-static member functions or non-static data member initializers
D:\source3\DataStructuresProject\Student.cpp(21,5): error C2355: 'this': can only be referenced inside non-static member functions or non-static data member initializers
D:\source3\DataStructuresProject\Student.cpp(22,5): error C2355: 'this': can only be referenced inside non-static member functions or non-static data member initializers
D:\source3\DataStructuresProject\Student.cpp(23,5): error C2355: 'this': can only be referenced inside non-static member functions or non-static data member initializers
D:\source3\DataStructuresProject\Student.cpp(24,5): error C2355: 'this': can only be referenced inside non-static member functions or non-static data member initializers
D:\source3\DataStructuresProject\Student.cpp(25,5): error C2065: 'studCount': undeclared identifier
D:\source3\DataStructuresProject\Student.cpp(27,1): warning C4508: 'Student': function should return a value; 'void' return type assumed
D:\source3\DataStructuresProject\Student.cpp(31,6): error C2653: 'Student': is not a class or namespace name
D:\source3\DataStructuresProject\Student.cpp(32,21): error C2355: 'this': can only be referenced inside non-static member functions or non-static data member initializers
D:\source3\DataStructuresProject\Student.cpp(32,51): error C2355: 'this': can only be referenced inside non-static member functions or non-static data member initializers
D:\source3\DataStructuresProject\Student.cpp(33,50): error C2355: 'this': can only be referenced inside non-static member functions or non-static data member initializers
D:\source3\DataStructuresProject\Student.cpp(44,6): error C2653: 'Student': is not a class or namespace name
D:\source3\DataStructuresProject\Student.cpp(44,15): error C2182: 'View_List_of_all_available_courses': illegal use of type 'void'
D:\source3\DataStructuresProject\Student.cpp(44,58): error C2146: syntax error: missing ')' before identifier 's'
D:\source3\DataStructuresProject\Student.cpp(45,1): error C2143: syntax error: missing ';' before '{'
D:\source3\DataStructuresProject\Student.cpp(45,1): error C2447: '{': missing function header (old-style formal list?)
D:\source3\DataStructuresProject\Student.cpp(75,6): error C2653: 'Student': is not a class or namespace name
D:\source3\DataStructuresProject\Student.cpp(75,15): error C2182: 'filter_courses': illegal use of type 'void'
D:\source3\DataStructuresProject\Student.cpp(75,38): error C2146: syntax error: missing ')' before identifier 's'
D:\source3\DataStructuresProject\Student.cpp(75,41): error C2143: syntax error: missing ';' before '{'
D:\source3\DataStructuresProject\Student.cpp(75,41): error C2447: '{': missing function header (old-style formal list?)
D:\source3\DataStructuresProject\Student.cpp(98,6): error C2653: 'Student': is not a class or namespace name
D:\source3\DataStructuresProject\Student.cpp(98,15): error C2182: 'viewDetailsOfSpecificCourse': illegal use of type 'void'
D:\source3\DataStructuresProject\Student.cpp(98,50): error C2146: syntax error: missing ')' before identifier 'c'
D:\source3\DataStructuresProject\Student.cpp(98,53): error C2143: syntax error: missing ';' before '{'
D:\source3\DataStructuresProject\Student.cpp(98,53): error C2447: '{': missing function header (old-style formal list?)
D:\source3\DataStructuresProject\Student.cpp(110,6): error C2653: 'Student': is not a class or namespace name
D:\source3\DataStructuresProject\Student.cpp(110,15): error C2182: 'edit_data': illegal use of type 'void'
D:\source3\DataStructuresProject\Student.cpp(110,33): error C2146: syntax error: missing ')' before identifier 's'
D:\source3\DataStructuresProject\Student.cpp(110,36): error C2143: syntax error: missing ';' before '{'
D:\source3\DataStructuresProject\Student.cpp(110,36): error C2447: '{': missing function header (old-style formal list?)
D:\source3\DataStructuresProject\Student.cpp(127,6): error C2653: 'Student': is not a class or namespace name
D:\source3\DataStructuresProject\Student.cpp(127,15): error C2182: 'viewAllCourses': illegal use of type 'void'
D:\source3\DataStructuresProject\Student.cpp(127,38): error C2146: syntax error: missing ')' before identifier 's'
D:\source3\DataStructuresProject\Student.cpp(128,1): error C2143: syntax error: missing ';' before '{'
D:\source3\DataStructuresProject\Student.cpp(128,1): error C2447: '{': missing function header (old-style formal list?)
D:\source3\DataStructuresProject\Student.cpp(142,6): error C2653: 'Student': is not a class or namespace name
D:\source3\DataStructuresProject\Student.cpp(142,15): error C2182: 'registerCourse': illegal use of type 'void'
D:\source3\DataStructuresProject\Student.cpp(142,38): fatal error C1003: error count exceeds 100; stopping compilation
  GlobalDataa.cpp
D:\source3\DataStructuresProject\Course.cpp(11,1): error C2653: 'Course': is not a class or namespace name
D:\source3\DataStructuresProject\Course.cpp(11,18): error C4430: missing type specifier - int assumed. Note: C++ does not support default-int
D:\source3\DataStructuresProject\Course.cpp(13,1): warning C4508: 'Course': function should return a value; 'void' return type assumed
D:\source3\DataStructuresProject\Course.cpp(15,1): error C2653: 'Course': is not a class or namespace name
D:\source3\DataStructuresProject\Course.cpp(15,119): error C4430: missing type specifier - int assumed. Note: C++ does not support default-int
D:\source3\DataStructuresProject\Course.cpp(16,5): error C2355: 'this': can only be referenced inside non-static member functions or non-static data member initializers
D:\source3\DataStructuresProject\Course.cpp(17,5): error C2355: 'this': can only be referenced inside non-static member functions or non-static data member initializers
D:\source3\DataStructuresProject\Course.cpp(18,5): error C2355: 'this': can only be referenced inside non-static member functions or non-static data member initializers
D:\source3\DataStructuresProject\Course.cpp(19,5): error C2355: 'this': can only be referenced inside non-static member functions or non-static data member initializers
D:\source3\DataStructuresProject\Course.cpp(20,5): error C2355: 'this': can only be referenced inside non-static member functions or non-static data member initializers
D:\source3\DataStructuresProject\Course.cpp(21,5): error C2355: 'this': can only be referenced inside non-static member functions or non-static data member initializers
D:\source3\DataStructuresProject\Course.cpp(22,1): warning C4508: 'Course': function should return a value; 'void' return type assumed
D:\source3\DataStructuresProject\Course.cpp(26,6): error C2653: 'Course': is not a class or namespace name
D:\source3\DataStructuresProject\Course.cpp(27,5): error C2065: 'prerequisites': undeclared identifier
D:\source3\DataStructuresProject\Course.cpp(32,6): error C2653: 'Course': is not a class or namespace name
D:\source3\DataStructuresProject\Course.cpp(33,37): error C2065: 'name': undeclared identifier
D:\source3\DataStructuresProject\Course.cpp(34,25): error C2065: 'prerequisites': undeclared identifier
D:\source3\DataStructuresProject\Course.cpp(35,25): error C2065: 'prerequisites': undeclared identifier
D:\source3\DataStructuresProject\Course.cpp(46,21): error C2061: syntax error: identifier 'Course'
D:\source3\DataStructuresProject\Course.cpp(52,27): error C2061: syntax error: identifier 'Course'
D:\source3\DataStructuresProject\Course.cpp(57,24): error C2061: syntax error: identifier 'Course'
D:\source3\DataStructuresProject\Course.cpp(47,24): error C2065: 'course': undeclared identifier
D:\source3\DataStructuresProject\Course.cpp(48,9): error C2653: 'GlobalDataa': is not a class or namespace name
D:\source3\DataStructuresProject\Course.cpp(48,22): error C2065: 'courses': undeclared identifier
D:\source3\DataStructuresProject\Course.cpp(48,30): error C2065: 'course': undeclared identifier
D:\source3\DataStructuresProject\Course.cpp(48,45): error C2065: 'course': undeclared identifier
D:\source3\DataStructuresProject\Course.cpp(53,24): error C2065: 'course': undeclared identifier
D:\source3\DataStructuresProject\Course.cpp(53,47): error C2065: 'prerequisite': undeclared identifier
D:\source3\DataStructuresProject\Course.cpp(54,9): error C2065: 'course': undeclared identifier
D:\source3\DataStructuresProject\Course.cpp(54,33): error C2065: 'prerequisite': undeclared identifier
D:\source3\DataStructuresProject\Course.cpp(58,30): error C2065: 'course': undeclared identifier
D:\source3\DataStructuresProject\Course.cpp(59,9): error C2653: 'GlobalDataa': is not a class or namespace name
D:\source3\DataStructuresProject\Course.cpp(59,22): error C2065: 'courses': undeclared identifier
D:\source3\DataStructuresProject\Course.cpp(59,36): error C2065: 'course': undeclared identifier
D:\source3\DataStructuresProject\Course.cpp(62,84): error C2065: 'course': undeclared identifier
D:\source3\DataStructuresProject\Course.cpp(62,1): error C2660: 'remove': function does not take 2 arguments
C:\Program Files (x86)\Windows Kits\10\Include\10.0.19041.0\ucrt\stdio.h(369,26): message : see declaration of 'remove'
D:\source3\DataStructuresProject\Course.cpp(11,1): error C2653: 'Course': is not a class or namespace name
D:\source3\DataStructuresProject\Course.cpp(11,18): error C4430: missing type specifier - int assumed. Note: C++ does not support default-int
D:\source3\DataStructuresProject\Course.cpp(11,9): error C2084: function 'int Course(void)' already has a body
D:\source3\DataStructuresProject\Course.cpp(11): message : see previous definition of 'Course'
D:\source3\DataStructuresProject\Course.cpp(15,1): error C2653: 'Course': is not a class or namespace name
D:\source3\DataStructuresProject\Course.cpp(15,119): error C4430: missing type specifier - int assumed. Note: C++ does not support default-int
D:\source3\DataStructuresProject\Course.cpp(15,9): error C2084: function 'int Course(std::string,int,bool,int,double,std::string)' already has a body
D:\source3\DataStructuresProject\Course.cpp(15): message : see previous definition of 'Course'
D:\source3\DataStructuresProject\Course.cpp(16,5): error C2355: 'this': can only be referenced inside non-static member functions or non-static data member initializers
D:\source3\DataStructuresProject\Course.cpp(17,5): error C2355: 'this': can only be referenced inside non-static member functions or non-static data member initializers
D:\source3\DataStructuresProject\Course.cpp(18,5): error C2355: 'this': can only be referenced inside non-static member functions or non-static data member initializers
D:\source3\DataStructuresProject\Course.cpp(19,5): error C2355: 'this': can only be referenced inside non-static member functions or non-static data member initializers
D:\source3\DataStructuresProject\Course.cpp(20,5): error C2355: 'this': can only be referenced inside non-static member functions or non-static data member initializers
D:\source3\DataStructuresProject\Course.cpp(21,5): error C2355: 'this': can only be referenced inside non-static member functions or non-static data member initializers
D:\source3\DataStructuresProject\Course.cpp(26,6): error C2653: 'Course': is not a class or namespace name
D:\source3\DataStructuresProject\Course.cpp(26,14): error C2084: function 'void add_prerequisite(std::string)' already has a body
D:\source3\DataStructuresProject\Course.cpp(26): message : see previous definition of 'add_prerequisite'
D:\source3\DataStructuresProject\Course.cpp(27,5): error C2065: 'prerequisites': undeclared identifier
D:\source3\DataStructuresProject\Course.cpp(32,6): error C2653: 'Course': is not a class or namespace name
D:\source3\DataStructuresProject\Course.cpp(32,14): error C2084: function 'void print_prerequisites(void)' already has a body
D:\source3\DataStructuresProject\Course.cpp(32): message : see previous definition of 'print_prerequisites'
D:\source3\DataStructuresProject\Course.cpp(33,37): error C2065: 'name': undeclared identifier
D:\source3\DataStructuresProject\Course.cpp(34,25): error C2065: 'prerequisites': undeclared identifier
D:\source3\DataStructuresProject\Course.cpp(35,25): error C2065: 'prerequisites': undeclared identifier
D:\source3\DataStructuresProject\Course.cpp(40,13): error C2011: 'Graph': 'class' type redefinition
D:\source3\DataStructuresProject\Course.cpp(40): message : see declaration of 'Graph'
D:\source3\DataStructuresProject\Student.cpp(10,1): error C2653: 'Student': is not a class or namespace name
D:\source3\DataStructuresProject\Student.cpp(10,20): error C4430: missing type specifier - int assumed. Note: C++ does not support default-int
D:\source3\DataStructuresProject\Student.cpp(11,5): error C2065: 'studCount': undeclared identifier
D:\source3\DataStructuresProject\Student.cpp(12,1): warning C4508: 'Student': function should return a value; 'void' return type assumed
D:\source3\DataStructuresProject\Student.cpp(14,1): error C2653: 'Student': is not a class or namespace name
D:\source3\DataStructuresProject\Student.cpp(14,212): error C4430: missing type specifier - int assumed. Note: C++ does not support default-int
D:\source3\DataStructuresProject\Student.cpp(16,5): error C2355: 'this': can only be referenced inside non-static member functions or non-static data member initializers
D:\source3\DataStructuresProject\Student.cpp(17,5): error C2355: 'this': can only be referenced inside non-static member functions or non-static data member initializers
D:\source3\DataStructuresProject\Student.cpp(18,5): error C2355: 'this': can only be referenced inside non-static member functions or non-static data member initializers
D:\source3\DataStructuresProject\Student.cpp(19,5): error C2355: 'this': can only be referenced inside non-static member functions or non-static data member initializers
D:\source3\DataStructuresProject\Student.cpp(20,5): error C2355: 'this': can only be referenced inside non-static member functions or non-static data member initializers
D:\source3\DataStructuresProject\Student.cpp(21,5): error C2355: 'this': can only be referenced inside non-static member functions or non-static data member initializers
D:\source3\DataStructuresProject\Student.cpp(22,5): error C2355: 'this': can only be referenced inside non-static member functions or non-static data member initializers
D:\source3\DataStructuresProject\Student.cpp(23,5): error C2355: 'this': can only be referenced inside non-static member functions or non-static data member initializers
D:\source3\DataStructuresProject\Student.cpp(24,5): error C2355: 'this': can only be referenced inside non-static member functions or non-static data member initializers
D:\source3\DataStructuresProject\Student.cpp(25,5): error C2065: 'studCount': undeclared identifier
D:\source3\DataStructuresProject\Student.cpp(27,1): warning C4508: 'Student': function should return a value; 'void' return type assumed
D:\source3\DataStructuresProject\Student.cpp(31,6): error C2653: 'Student': is not a class or namespace name
D:\source3\DataStructuresProject\Student.cpp(32,21): error C2355: 'this': can only be referenced inside non-static member functions or non-static data member initializers
D:\source3\DataStructuresProject\Student.cpp(32,51): error C2355: 'this': can only be referenced inside non-static member functions or non-static data member initializers
D:\source3\DataStructuresProject\Student.cpp(33,50): error C2355: 'this': can only be referenced inside non-static member functions or non-static data member initializers
D:\source3\DataStructuresProject\Student.cpp(44,6): error C2653: 'Student': is not a class or namespace name
D:\source3\DataStructuresProject\Student.cpp(44,15): error C2182: 'View_List_of_all_available_courses': illegal use of type 'void'
D:\source3\DataStructuresProject\Student.cpp(44,58): error C2146: syntax error: missing ')' before identifier 's'
D:\source3\DataStructuresProject\Student.cpp(45,1): error C2143: syntax error: missing ';' before '{'
D:\source3\DataStructuresProject\Student.cpp(45,1): error C2447: '{': missing function header (old-style formal list?)
D:\source3\DataStructuresProject\Student.cpp(75,6): error C2653: 'Student': is not a class or namespace name
D:\source3\DataStructuresProject\Student.cpp(75,15): error C2182: 'filter_courses': illegal use of type 'void'
D:\source3\DataStructuresProject\Student.cpp(75,38): error C2146: syntax error: missing ')' before identifier 's'
D:\source3\DataStructuresProject\Student.cpp(75,41): error C2143: syntax error: missing ';' before '{'
D:\source3\DataStructuresProject\Student.cpp(75,41): error C2447: '{': missing function header (old-style formal list?)
D:\source3\DataStructuresProject\Student.cpp(98,6): error C2653: 'Student': is not a class or namespace name
D:\source3\DataStructuresProject\Student.cpp(98,15): error C2182: 'viewDetailsOfSpecificCourse': illegal use of type 'void'
D:\source3\DataStructuresProject\Student.cpp(98,50): error C2146: syntax error: missing ')' before identifier 'c'
D:\source3\DataStructuresProject\Student.cpp(98,53): error C2143: syntax error: missing ';' before '{'
D:\source3\DataStructuresProject\Student.cpp(98,53): error C2447: '{': missing function header (old-style formal list?)
D:\source3\DataStructuresProject\Student.cpp(110,6): error C2653: 'Student': is not a class or namespace name
D:\source3\DataStructuresProject\Student.cpp(110,15): error C2182: 'edit_data': illegal use of type 'void'
D:\source3\DataStructuresProject\Student.cpp(110,33): error C2146: syntax error: missing ')' before identifier 's'
D:\source3\DataStructuresProject\Student.cpp(110,36): error C2143: syntax error: missing ';' before '{'
D:\source3\DataStructuresProject\Student.cpp(110,36): error C2447: '{': missing function header (old-style formal list?)
D:\source3\DataStructuresProject\Student.cpp(127,6): error C2653: 'Student': is not a class or namespace name
D:\source3\DataStructuresProject\Student.cpp(127,15): error C2182: 'viewAllCourses': illegal use of type 'void'
D:\source3\DataStructuresProject\Student.cpp(127,38): error C2146: syntax error: missing ')' before identifier 's'
D:\source3\DataStructuresProject\Student.cpp(128,1): error C2143: syntax error: missing ';' before '{'
D:\source3\DataStructuresProject\Student.cpp(128,1): error C2447: '{': missing function header (old-style formal list?)
D:\source3\DataStructuresProject\Student.cpp(142,6): error C2653: 'Student': is not a class or namespace name
D:\source3\DataStructuresProject\Student.cpp(142,15): error C2182: 'registerCourse': illegal use of type 'void'
D:\source3\DataStructuresProject\Student.cpp(142,38): error C2146: syntax error: missing ')' before identifier 's'
D:\source3\DataStructuresProject\Student.cpp(143,1): error C2143: syntax error: missing ';' before '{'
D:\source3\DataStructuresProject\Student.cpp(143,1): error C2447: '{': missing function header (old-style formal list?)
D:\source3\DataStructuresProject\Student.h(28,38): error C2061: syntax error: identifier 'Course'
D:\source3\DataStructuresProject\Student.h(31,36): error C2061: syntax error: identifier 'Course'
D:\source3\DataStructuresProject\admin.h(17,25): error C2061: syntax error: identifier 'Course'
D:\source3\DataStructuresProject\admin.h(17,32): fatal error C1003: error count exceeds 100; stopping compilation
  mainClass.cpp
D:\source3\DataStructuresProject\mainClass.cpp(10,13): warning C4326: return type of 'main' should be 'int' instead of 'void'
  Student.cpp
D:\source3\DataStructuresProject\admin.h(17,25): error C2061: syntax error: identifier 'Course'
D:\source3\DataStructuresProject\admin.h(18,36): error C2061: syntax error: identifier 'Course'
D:\source3\DataStructuresProject\admin.h(19,25): error C2061: syntax error: identifier 'Student'
D:\source3\DataStructuresProject\admin.h(20,25): error C2061: syntax error: identifier 'Course'
D:\source3\DataStructuresProject\admin.h(21,32): error C2061: syntax error: identifier 'Student'
D:\source3\DataStructuresProject\admin.h(22,57): error C2061: syntax error: identifier 'Course'
D:\source3\DataStructuresProject\Course.cpp(11,1): error C2653: 'Course': is not a class or namespace name
D:\source3\DataStructuresProject\Course.cpp(11,18): error C4430: missing type specifier - int assumed. Note: C++ does not support default-int
D:\source3\DataStructuresProject\Course.cpp(13,1): warning C4508: 'Course': function should return a value; 'void' return type assumed
D:\source3\DataStructuresProject\Course.cpp(15,1): error C2653: 'Course': is not a class or namespace name
D:\source3\DataStructuresProject\Course.cpp(15,119): error C4430: missing type specifier - int assumed. Note: C++ does not support default-int
D:\source3\DataStructuresProject\Course.cpp(16,5): error C2355: 'this': can only be referenced inside non-static member functions or non-static data member initializers
D:\source3\DataStructuresProject\Course.cpp(17,5): error C2355: 'this': can only be referenced inside non-static member functions or non-static data member initializers
D:\source3\DataStructuresProject\Course.cpp(18,5): error C2355: 'this': can only be referenced inside non-static member functions or non-static data member initializers
D:\source3\DataStructuresProject\Course.cpp(19,5): error C2355: 'this': can only be referenced inside non-static member functions or non-static data member initializers
D:\source3\DataStructuresProject\Course.cpp(20,5): error C2355: 'this': can only be referenced inside non-static member functions or non-static data member initializers
D:\source3\DataStructuresProject\Course.cpp(21,5): error C2355: 'this': can only be referenced inside non-static member functions or non-static data member initializers
D:\source3\DataStructuresProject\Course.cpp(22,1): warning C4508: 'Course': function should return a value; 'void' return type assumed
D:\source3\DataStructuresProject\Course.cpp(26,6): error C2653: 'Course': is not a class or namespace name
D:\source3\DataStructuresProject\Course.cpp(27,5): error C2065: 'prerequisites': undeclared identifier
D:\source3\DataStructuresProject\Course.cpp(32,6): error C2653: 'Course': is not a class or namespace name
D:\source3\DataStructuresProject\Course.cpp(33,37): error C2065: 'name': undeclared identifier
D:\source3\DataStructuresProject\Course.cpp(34,25): error C2065: 'prerequisites': undeclared identifier
D:\source3\DataStructuresProject\Course.cpp(35,25): error C2065: 'prerequisites': undeclared identifier
D:\source3\DataStructuresProject\Course.cpp(46,21): error C2061: syntax error: identifier 'Course'
D:\source3\DataStructuresProject\Course.cpp(52,27): error C2061: syntax error: identifier 'Course'
D:\source3\DataStructuresProject\Course.cpp(57,24): error C2061: syntax error: identifier 'Course'
D:\source3\DataStructuresProject\Course.cpp(47,24): error C2065: 'course': undeclared identifier
D:\source3\DataStructuresProject\Course.cpp(48,9): error C2653: 'GlobalDataa': is not a class or namespace name
D:\source3\DataStructuresProject\Course.cpp(48,22): error C2065: 'courses': undeclared identifier
D:\source3\DataStructuresProject\Course.cpp(48,30): error C2065: 'course': undeclared identifier
D:\source3\DataStructuresProject\Course.cpp(48,45): error C2065: 'course': undeclared identifier
D:\source3\DataStructuresProject\Course.cpp(53,24): error C2065: 'course': undeclared identifier
D:\source3\DataStructuresProject\Course.cpp(53,47): error C2065: 'prerequisite': undeclared identifier
D:\source3\DataStructuresProject\Course.cpp(54,9): error C2065: 'course': undeclared identifier
D:\source3\DataStructuresProject\Course.cpp(54,33): error C2065: 'prerequisite': undeclared identifier
D:\source3\DataStructuresProject\Course.cpp(58,30): error C2065: 'course': undeclared identifier
D:\source3\DataStructuresProject\Course.cpp(59,9): error C2653: 'GlobalDataa': is not a class or namespace name
D:\source3\DataStructuresProject\Course.cpp(59,22): error C2065: 'courses': undeclared identifier
D:\source3\DataStructuresProject\Course.cpp(59,36): error C2065: 'course': undeclared identifier
D:\source3\DataStructuresProject\Course.cpp(62,84): error C2065: 'course': undeclared identifier
D:\source3\DataStructuresProject\Course.cpp(62,1): error C2660: 'remove': function does not take 2 arguments
C:\Program Files (x86)\Windows Kits\10\Include\10.0.19041.0\ucrt\stdio.h(369,26): message : see declaration of 'remove'
D:\source3\DataStructuresProject\Course.cpp(11,1): error C2653: 'Course': is not a class or namespace name
D:\source3\DataStructuresProject\Course.cpp(11,18): error C4430: missing type specifier - int assumed. Note: C++ does not support default-int
D:\source3\DataStructuresProject\Course.cpp(11,9): error C2084: function 'int Course(void)' already has a body
D:\source3\DataStructuresProject\Course.cpp(11): message : see previous definition of 'Course'
D:\source3\DataStructuresProject\Course.cpp(15,1): error C2653: 'Course': is not a class or namespace name
D:\source3\DataStructuresProject\Course.cpp(15,119): error C4430: missing type specifier - int assumed. Note: C++ does not support default-int
D:\source3\DataStructuresProject\Course.cpp(15,9): error C2084: function 'int Course(std::string,int,bool,int,double,std::string)' already has a body
D:\source3\DataStructuresProject\Course.cpp(15): message : see previous definition of 'Course'
D:\source3\DataStructuresProject\Course.cpp(16,5): error C2355: 'this': can only be referenced inside non-static member functions or non-static data member initializers
D:\source3\DataStructuresProject\Course.cpp(17,5): error C2355: 'this': can only be referenced inside non-static member functions or non-static data member initializers
D:\source3\DataStructuresProject\Course.cpp(18,5): error C2355: 'this': can only be referenced inside non-static member functions or non-static data member initializers
D:\source3\DataStructuresProject\Course.cpp(19,5): error C2355: 'this': can only be referenced inside non-static member functions or non-static data member initializers
D:\source3\DataStructuresProject\Course.cpp(20,5): error C2355: 'this': can only be referenced inside non-static member functions or non-static data member initializers
D:\source3\DataStructuresProject\Course.cpp(21,5): error C2355: 'this': can only be referenced inside non-static member functions or non-static data member initializers
D:\source3\DataStructuresProject\Course.cpp(26,6): error C2653: 'Course': is not a class or namespace name
D:\source3\DataStructuresProject\Course.cpp(26,14): error C2084: function 'void add_prerequisite(std::string)' already has a body
D:\source3\DataStructuresProject\Course.cpp(26): message : see previous definition of 'add_prerequisite'
D:\source3\DataStructuresProject\Course.cpp(27,5): error C2065: 'prerequisites': undeclared identifier
D:\source3\DataStructuresProject\Course.cpp(32,6): error C2653: 'Course': is not a class or namespace name
D:\source3\DataStructuresProject\Course.cpp(32,14): error C2084: function 'void print_prerequisites(void)' already has a body
D:\source3\DataStructuresProject\Course.cpp(32): message : see previous definition of 'print_prerequisites'
D:\source3\DataStructuresProject\Course.cpp(33,37): error C2065: 'name': undeclared identifier
D:\source3\DataStructuresProject\Course.cpp(34,25): error C2065: 'prerequisites': undeclared identifier
D:\source3\DataStructuresProject\Course.cpp(35,25): error C2065: 'prerequisites': undeclared identifier
D:\source3\DataStructuresProject\Course.cpp(40,13): error C2011: 'Graph': 'class' type redefinition
D:\source3\DataStructuresProject\Course.cpp(40): message : see declaration of 'Graph'
D:\source3\DataStructuresProject\Student.cpp(10,1): error C2653: 'Student': is not a class or namespace name
D:\source3\DataStructuresProject\Student.cpp(10,20): error C4430: missing type specifier - int assumed. Note: C++ does not support default-int
D:\source3\DataStructuresProject\Student.cpp(11,5): error C2065: 'studCount': undeclared identifier
D:\source3\DataStructuresProject\Student.cpp(12,1): warning C4508: 'Student': function should return a value; 'void' return type assumed
D:\source3\DataStructuresProject\Student.cpp(14,1): error C2653: 'Student': is not a class or namespace name
D:\source3\DataStructuresProject\Student.cpp(14,212): error C4430: missing type specifier - int assumed. Note: C++ does not support default-int
D:\source3\DataStructuresProject\Student.cpp(16,5): error C2355: 'this': can only be referenced inside non-static member functions or non-static data member initializers
D:\source3\DataStructuresProject\Student.cpp(17,5): error C2355: 'this': can only be referenced inside non-static member functions or non-static data member initializers
D:\source3\DataStructuresProject\Student.cpp(18,5): error C2355: 'this': can only be referenced inside non-static member functions or non-static data member initializers
D:\source3\DataStructuresProject\Student.cpp(19,5): error C2355: 'this': can only be referenced inside non-static member functions or non-static data member initializers
D:\source3\DataStructuresProject\Student.cpp(20,5): error C2355: 'this': can only be referenced inside non-static member functions or non-static data member initializers
D:\source3\DataStructuresProject\Student.cpp(21,5): error C2355: 'this': can only be referenced inside non-static member functions or non-static data member initializers
D:\source3\DataStructuresProject\Student.cpp(22,5): error C2355: 'this': can only be referenced inside non-static member functions or non-static data member initializers
D:\source3\DataStructuresProject\Student.cpp(23,5): error C2355: 'this': can only be referenced inside non-static member functions or non-static data member initializers
D:\source3\DataStructuresProject\Student.cpp(24,5): error C2355: 'this': can only be referenced inside non-static member functions or non-static data member initializers
D:\source3\DataStructuresProject\Student.cpp(25,5): error C2065: 'studCount': undeclared identifier
D:\source3\DataStructuresProject\Student.cpp(27,1): warning C4508: 'Student': function should return a value; 'void' return type assumed
D:\source3\DataStructuresProject\Student.cpp(31,6): error C2653: 'Student': is not a class or namespace name
D:\source3\DataStructuresProject\Student.cpp(32,21): error C2355: 'this': can only be referenced inside non-static member functions or non-static data member initializers
D:\source3\DataStructuresProject\Student.cpp(32,51): error C2355: 'this': can only be referenced inside non-static member functions or non-static data member initializers
D:\source3\DataStructuresProject\Student.cpp(33,50): error C2355: 'this': can only be referenced inside non-static member functions or non-static data member initializers
D:\source3\DataStructuresProject\Student.cpp(44,6): error C2653: 'Student': is not a class or namespace name
D:\source3\DataStructuresProject\Student.cpp(44,15): error C2182: 'View_List_of_all_available_courses': illegal use of type 'void'
D:\source3\DataStructuresProject\Student.cpp(44,58): error C2146: syntax error: missing ')' before identifier 's'
D:\source3\DataStructuresProject\Student.cpp(45,1): error C2143: syntax error: missing ';' before '{'
D:\source3\DataStructuresProject\Student.cpp(45,1): error C2447: '{': missing function header (old-style formal list?)
D:\source3\DataStructuresProject\Student.cpp(75,6): error C2653: 'Student': is not a class or namespace name
D:\source3\DataStructuresProject\Student.cpp(75,15): error C2182: 'filter_courses': illegal use of type 'void'
D:\source3\DataStructuresProject\Student.cpp(75,38): error C2146: syntax error: missing ')' before identifier 's'
D:\source3\DataStructuresProject\Student.cpp(75,41): error C2143: syntax error: missing ';' before '{'
D:\source3\DataStructuresProject\Student.cpp(75,41): error C2447: '{': missing function header (old-style formal list?)
D:\source3\DataStructuresProject\Student.cpp(98,6): error C2653: 'Student': is not a class or namespace name
D:\source3\DataStructuresProject\Student.cpp(98,15): error C2182: 'viewDetailsOfSpecificCourse': illegal use of type 'void'
D:\source3\DataStructuresProject\Student.cpp(98,50): error C2146: syntax error: missing ')' before identifier 'c'
D:\source3\DataStructuresProject\Student.cpp(98,53): error C2143: syntax error: missing ';' before '{'
D:\source3\DataStructuresProject\Student.cpp(98,53): error C2447: '{': missing function header (old-style formal list?)
D:\source3\DataStructuresProject\Student.cpp(110,6): error C2653: 'Student': is not a class or namespace name
D:\source3\DataStructuresProject\Student.cpp(110,15): error C2182: 'edit_data': illegal use of type 'void'
D:\source3\DataStructuresProject\Student.cpp(110,33): error C2146: syntax error: missing ')' before identifier 's'
D:\source3\DataStructuresProject\Student.cpp(110,36): error C2143: syntax error: missing ';' before '{'
D:\source3\DataStructuresProject\Student.cpp(110,36): error C2447: '{': missing function header (old-style formal list?)
D:\source3\DataStructuresProject\Student.cpp(127,6): error C2653: 'Student': is not a class or namespace name
D:\source3\DataStructuresProject\Student.cpp(127,15): error C2182: 'viewAllCourses': illegal use of type 'void'
D:\source3\DataStructuresProject\Student.cpp(127,38): error C2146: syntax error: missing ')' before identifier 's'
D:\source3\DataStructuresProject\Student.cpp(128,1): error C2143: syntax error: missing ';' before '{'
D:\source3\DataStructuresProject\Student.cpp(128,1): error C2447: '{': missing function header (old-style formal list?)
D:\source3\DataStructuresProject\Student.cpp(142,6): error C2653: 'Student': is not a class or namespace name
D:\source3\DataStructuresProject\Student.cpp(142,15): error C2182: 'registerCourse': illegal use of type 'void'
D:\source3\DataStructuresProject\Student.cpp(142,38): fatal error C1003: error count exceeds 100; stopping compilation
  Generating Code...
